Arguments: 
  C:\Program Files\nodejs\node.exe C:\Users\nilse\AppData\Roaming\npm\node_modules\yarn\bin\yarn.js dev

PATH: 
  C:\Program Files\Java\jdk-15\bin;C:\WINDOWS\system32;C:\WINDOWS;C:\WINDOWS\System32\Wbem;C:\WINDOWS\System32\WindowsPowerShell\v1.0\;C:\Program Files\dotnet\;C:\Program Files\Microsoft SQL Server\130\Tools\Binn\;C:\WINDOWS\System32\OpenSSH\;C:\Program Files (x86)\NVIDIA Corporation\PhysX\Common;C:\Program Files\NVIDIA Corporation\NVIDIA NvDLISR;C:\WINDOWS\system32;C:\WINDOWS;C:\WINDOWS\System32\Wbem;C:\WINDOWS\System32\WindowsPowerShell\v1.0\;C:\WINDOWS\System32\OpenSSH\;C:\Program Files\nodejs\;C:\Program Files\Git\cmd;;C:\Program Files\Docker\Docker\resources\bin;C:\ProgramData\DockerDesktop\version-bin;C:\Program Files\Java\jdk-15\bin;C:\Users\nilse\AppData\Local\Microsoft\WindowsApps;C:\Users\nilse\AppData\Local\atom\bin;C:\Users\nilse\AppData\Local\Microsoft\WindowsApps;C:\Users\nilse\AppData\Roaming\npm;C:\Users\nilse\AppData\Local\Programs\Microsoft VS Code\bin;C:\Users\nilse\AppData\Local\GitHubDesktop\bin;

Yarn version: 
  1.22.10

Node version: 
  14.9.0

Platform: 
  win32 x64

Trace: 
  SyntaxError: C:\Users\nilse\Desktop\tintern-ship-backend\package.json: Unexpected token < in JSON at position 1224
      at JSON.parse (<anonymous>)
      at C:\Users\nilse\AppData\Roaming\npm\node_modules\yarn\lib\cli.js:1625:59
      at Generator.next (<anonymous>)
      at step (C:\Users\nilse\AppData\Roaming\npm\node_modules\yarn\lib\cli.js:310:30)
      at C:\Users\nilse\AppData\Roaming\npm\node_modules\yarn\lib\cli.js:321:13

npm manifest: 
  {
    "name": "tintern-ship-backend",
    "version": "1.0.0",
    "description": "Tinder for your next internship backend",
    "scripts": {
      "build": "tsc",
      "dev": "nodemon src/index.ts",
      "lint": "eslint . --ext .ts",
      "lint:fix": "eslint . --ext .ts --fix"
    },
    "devDependencies": {
      "@types/express": "^4.17.11",
      "@types/mongoose": "^5.10.5",
      "@types/node": "^15.3.0",
      "@typescript-eslint/eslint-plugin": "^4.24.0",
      "@typescript-eslint/parser": "^4.24.0",
      "chalk": "^4.1.1",
      "eslint": "^7.26.0",
      "eslint-config-prettier": "^8.3.0",
      "eslint-plugin-prettier": "^3.4.0",
      "jest": "^26.6.3",
      "nodemon": "^2.0.7",
      "prettier": "^2.3.0",
      "ts-node": "^9.1.1",
      "ts-node-dev": "^1.1.6",
      "typescript": "^4.2.4"
    },
    "repository": {
      "type": "git",
      "url": "git+https://github.com/lukasvdberk/tintern-ship-backend.git"
    },
    "author": "Lukas van den Berk, Nils van der Velden",
    "license": "ISC",
    "bugs": {
      "url": "https://github.com/lukasvdberk/tintern-ship-backend/issues"
    },
    "homepage": "https://github.com/lukasvdberk/tintern-ship-backend#readme",
    "dependencies": {
      "bcrypt": "^5.0.1",
      "dotenv": "^10.0.0",
      "express": "^4.17.1",
  <<<<<<< HEAD
      "mongoose": "^5.12.11",
  =======
      "jsonwebtoken": "^8.5.1",
  >>>>>>> 39a7e092f69ad139e2695b704f6eda4ab7b1c504
      "nodemon": "^2.0.7"
    }
  }

yarn manifest: 
  No manifest

Lockfile: 
  No lockfile
